2025-11-15 06:47:28,239:DEBUG:certbot._internal.main:certbot version: 5.1.0
2025-11-15 06:47:28,239:DEBUG:certbot._internal.main:Location of certbot entry point: /usr/local/bin/certbot
2025-11-15 06:47:28,239:DEBUG:certbot._internal.main:Arguments: []
2025-11-15 06:47:28,239:DEBUG:certbot._internal.main:Discovered plugins: PluginsRegistry(PluginEntryPoint#manual,PluginEntryPoint#null,PluginEntryPoint#standalone,PluginEntryPoint#webroot)
2025-11-15 06:47:28,254:DEBUG:certbot._internal.log:Root logging level set at 30
2025-11-15 06:47:28,255:DEBUG:certbot._internal.display.obj:Notifying user: Processing /etc/letsencrypt/renewal/api.idem-ai.com.conf
2025-11-15 06:47:28,256:DEBUG:certbot._internal.plugins.selection:Requested authenticator None and installer None
2025-11-15 06:47:28,265:DEBUG:acme.client:Sending GET request to https://acme-v02.api.letsencrypt.org/directory.
2025-11-15 06:47:28,268:DEBUG:urllib3.connectionpool:Starting new HTTPS connection (1): acme-v02.api.letsencrypt.org:443
2025-11-15 06:47:28,803:DEBUG:urllib3.connectionpool:https://acme-v02.api.letsencrypt.org:443 "GET /directory HTTP/1.1" 200 1063
2025-11-15 06:47:28,804:DEBUG:acme.client:Received response:
HTTP 200
Server: nginx
Date: Sat, 15 Nov 2025 06:47:28 GMT
Content-Type: application/json
Content-Length: 1063
Connection: keep-alive
Cache-Control: public, max-age=0, no-cache
X-Frame-Options: DENY
Strict-Transport-Security: max-age=604800

{
  "keyChange": "https://acme-v02.api.letsencrypt.org/acme/key-change",
  "meta": {
    "caaIdentities": [
      "letsencrypt.org"
    ],
    "profiles": {
      "classic": "https://letsencrypt.org/docs/profiles#classic",
      "shortlived": "https://letsencrypt.org/docs/profiles#shortlived (not yet generally available)",
      "tlsclient": "https://letsencrypt.org/docs/profiles#tlsclient",
      "tlsserver": "https://letsencrypt.org/docs/profiles#tlsserver"
    },
    "termsOfService": "https://letsencrypt.org/documents/LE-SA-v1.6-August-18-2025.pdf",
    "website": "https://letsencrypt.org"
  },
  "newAccount": "https://acme-v02.api.letsencrypt.org/acme/new-acct",
  "newNonce": "https://acme-v02.api.letsencrypt.org/acme/new-nonce",
  "newOrder": "https://acme-v02.api.letsencrypt.org/acme/new-order",
  "q0JrAKdYcy8": "https://community.letsencrypt.org/t/adding-random-entries-to-the-directory/33417",
  "renewalInfo": "https://acme-v02.api.letsencrypt.org/acme/renewal-info",
  "revokeCert": "https://acme-v02.api.letsencrypt.org/acme/revoke-cert"
}
2025-11-15 06:47:28,805:DEBUG:acme.client:Sending GET request to https://acme-v02.api.letsencrypt.org/acme/renewal-info/rkie3IcdRKBv2qLlYHQEeMKcAIA.BU8GVXlIiE5PiG_b4gJ8fg-x.
2025-11-15 06:47:28,998:DEBUG:urllib3.connectionpool:https://acme-v02.api.letsencrypt.org:443 "GET /acme/renewal-info/rkie3IcdRKBv2qLlYHQEeMKcAIA.BU8GVXlIiE5PiG_b4gJ8fg-x HTTP/1.1" 200 101
2025-11-15 06:47:28,999:DEBUG:acme.client:Received response:
HTTP 200
Server: nginx
Date: Sat, 15 Nov 2025 06:47:28 GMT
Content-Type: application/json
Content-Length: 101
Connection: keep-alive
Cache-Control: public, max-age=0, no-cache
Link: <https://acme-v02.api.letsencrypt.org/directory>;rel="index"
Retry-After: 21600
X-Frame-Options: DENY
Strict-Transport-Security: max-age=604800

{
  "suggestedWindow": {
    "start": "2025-12-20T02:35:26Z",
    "end": "2025-12-21T21:46:15Z"
  }
}
2025-11-15 06:47:29,009:INFO:certbot.ocsp:Cannot extract OCSP URI from /etc/letsencrypt/archive/api.idem-ai.com/cert1.pem
2025-11-15 06:47:29,009:DEBUG:certbot._internal.display.obj:Notifying user: Certificate not yet due for renewal
2025-11-15 06:47:29,010:DEBUG:certbot._internal.plugins.selection:Requested authenticator webroot and installer None
2025-11-15 06:47:29,010:DEBUG:certbot._internal.display.obj:Notifying user: Processing /etc/letsencrypt/renewal/api.idem.africa.conf
2025-11-15 06:47:29,012:DEBUG:certbot._internal.plugins.selection:Requested authenticator None and installer None
2025-11-15 06:47:29,030:DEBUG:acme.client:Sending GET request to https://acme-v02.api.letsencrypt.org/acme/renewal-info/rkie3IcdRKBv2qLlYHQEeMKcAIA.BSAGDD1ai857DJ7w7Fv5RK8n.
2025-11-15 06:47:29,223:DEBUG:urllib3.connectionpool:https://acme-v02.api.letsencrypt.org:443 "GET /acme/renewal-info/rkie3IcdRKBv2qLlYHQEeMKcAIA.BSAGDD1ai857DJ7w7Fv5RK8n HTTP/1.1" 200 101
2025-11-15 06:47:29,224:DEBUG:acme.client:Received response:
HTTP 200
Server: nginx
Date: Sat, 15 Nov 2025 06:47:29 GMT
Content-Type: application/json
Content-Length: 101
Connection: keep-alive
Cache-Control: public, max-age=0, no-cache
Link: <https://acme-v02.api.letsencrypt.org/directory>;rel="index"
Retry-After: 21600
X-Frame-Options: DENY
Strict-Transport-Security: max-age=604800

{
  "suggestedWindow": {
    "start": "2026-01-12T18:38:20Z",
    "end": "2026-01-14T13:49:10Z"
  }
}
2025-11-15 06:47:29,226:INFO:certbot.ocsp:Cannot extract OCSP URI from /etc/letsencrypt/archive/api.idem.africa/cert1.pem
2025-11-15 06:47:29,227:DEBUG:certbot._internal.display.obj:Notifying user: Certificate not yet due for renewal
2025-11-15 06:47:29,227:DEBUG:certbot._internal.plugins.selection:Requested authenticator webroot and installer None
2025-11-15 06:47:29,227:DEBUG:certbot._internal.display.obj:Notifying user: Processing /etc/letsencrypt/renewal/appgen.idem-ai.com.conf
2025-11-15 06:47:29,229:DEBUG:certbot._internal.plugins.selection:Requested authenticator None and installer None
2025-11-15 06:47:29,244:DEBUG:acme.client:Sending GET request to https://acme-v02.api.letsencrypt.org/acme/renewal-info/jw0TovYuftFQbDMYOF1ZjiNykco.BVEftXst3o8m9wsUADGKZb4V.
2025-11-15 06:47:29,425:DEBUG:urllib3.connectionpool:https://acme-v02.api.letsencrypt.org:443 "GET /acme/renewal-info/jw0TovYuftFQbDMYOF1ZjiNykco.BVEftXst3o8m9wsUADGKZb4V HTTP/1.1" 200 101
2025-11-15 06:47:29,425:DEBUG:acme.client:Received response:
HTTP 200
Server: nginx
Date: Sat, 15 Nov 2025 06:47:29 GMT
Content-Type: application/json
Content-Length: 101
Connection: keep-alive
Cache-Control: public, max-age=0, no-cache
Link: <https://acme-v02.api.letsencrypt.org/directory>;rel="index"
Retry-After: 21600
X-Frame-Options: DENY
Strict-Transport-Security: max-age=604800

{
  "suggestedWindow": {
    "start": "2025-12-20T22:01:03Z",
    "end": "2025-12-22T17:11:53Z"
  }
}
2025-11-15 06:47:29,427:INFO:certbot.ocsp:Cannot extract OCSP URI from /etc/letsencrypt/archive/appgen.idem-ai.com/cert1.pem
2025-11-15 06:47:29,427:DEBUG:certbot._internal.display.obj:Notifying user: Certificate not yet due for renewal
2025-11-15 06:47:29,427:DEBUG:certbot._internal.plugins.selection:Requested authenticator webroot and installer None
2025-11-15 06:47:29,427:DEBUG:certbot._internal.display.obj:Notifying user: Processing /etc/letsencrypt/renewal/appgen.idem.africa.conf
2025-11-15 06:47:29,428:DEBUG:certbot._internal.plugins.selection:Requested authenticator None and installer None
2025-11-15 06:47:29,436:DEBUG:acme.client:Sending GET request to https://acme-v02.api.letsencrypt.org/acme/renewal-info/jw0TovYuftFQbDMYOF1ZjiNykco.BvcAsWkwQNYuBq63-Ms9TOK1.
2025-11-15 06:47:29,616:DEBUG:urllib3.connectionpool:https://acme-v02.api.letsencrypt.org:443 "GET /acme/renewal-info/jw0TovYuftFQbDMYOF1ZjiNykco.BvcAsWkwQNYuBq63-Ms9TOK1 HTTP/1.1" 200 101
2025-11-15 06:47:29,617:DEBUG:acme.client:Received response:
HTTP 200
Server: nginx
Date: Sat, 15 Nov 2025 06:47:29 GMT
Content-Type: application/json
Content-Length: 101
Connection: keep-alive
Cache-Control: public, max-age=0, no-cache
Link: <https://acme-v02.api.letsencrypt.org/directory>;rel="index"
Retry-After: 21600
X-Frame-Options: DENY
Strict-Transport-Security: max-age=604800

{
  "suggestedWindow": {
    "start": "2026-01-12T20:27:02Z",
    "end": "2026-01-14T15:37:52Z"
  }
}
2025-11-15 06:47:29,620:INFO:certbot.ocsp:Cannot extract OCSP URI from /etc/letsencrypt/archive/appgen.idem.africa/cert1.pem
2025-11-15 06:47:29,620:DEBUG:certbot._internal.display.obj:Notifying user: Certificate not yet due for renewal
2025-11-15 06:47:29,621:DEBUG:certbot._internal.plugins.selection:Requested authenticator webroot and installer None
2025-11-15 06:47:29,622:DEBUG:certbot._internal.display.obj:Notifying user: Processing /etc/letsencrypt/renewal/chart.idem-ai.com.conf
2025-11-15 06:47:29,624:DEBUG:certbot._internal.plugins.selection:Requested authenticator None and installer None
2025-11-15 06:47:29,641:DEBUG:acme.client:Sending GET request to https://acme-v02.api.letsencrypt.org/acme/renewal-info/rkie3IcdRKBv2qLlYHQEeMKcAIA.BobbuSZXQKnQWExVM1tachEE.
2025-11-15 06:47:29,821:DEBUG:urllib3.connectionpool:https://acme-v02.api.letsencrypt.org:443 "GET /acme/renewal-info/rkie3IcdRKBv2qLlYHQEeMKcAIA.BobbuSZXQKnQWExVM1tachEE HTTP/1.1" 200 101
2025-11-15 06:47:29,822:DEBUG:acme.client:Received response:
HTTP 200
Server: nginx
Date: Sat, 15 Nov 2025 06:47:29 GMT
Content-Type: application/json
Content-Length: 101
Connection: keep-alive
Cache-Control: public, max-age=0, no-cache
Link: <https://acme-v02.api.letsencrypt.org/directory>;rel="index"
Retry-After: 21600
X-Frame-Options: DENY
Strict-Transport-Security: max-age=604800

{
  "suggestedWindow": {
    "start": "2025-12-20T02:37:42Z",
    "end": "2025-12-21T21:48:32Z"
  }
}
2025-11-15 06:47:29,825:INFO:certbot.ocsp:Cannot extract OCSP URI from /etc/letsencrypt/archive/chart.idem-ai.com/cert1.pem
2025-11-15 06:47:29,825:DEBUG:certbot._internal.display.obj:Notifying user: Certificate not yet due for renewal
2025-11-15 06:47:29,826:DEBUG:certbot._internal.plugins.selection:Requested authenticator webroot and installer None
2025-11-15 06:47:29,827:DEBUG:certbot._internal.display.obj:Notifying user: Processing /etc/letsencrypt/renewal/chart.idem.africa.conf
2025-11-15 06:47:29,829:DEBUG:certbot._internal.plugins.selection:Requested authenticator None and installer None
2025-11-15 06:47:29,843:DEBUG:acme.client:Sending GET request to https://acme-v02.api.letsencrypt.org/acme/renewal-info/rkie3IcdRKBv2qLlYHQEeMKcAIA.BteFu4he0iPN-JU7mK0idFUs.
2025-11-15 06:47:30,027:DEBUG:urllib3.connectionpool:https://acme-v02.api.letsencrypt.org:443 "GET /acme/renewal-info/rkie3IcdRKBv2qLlYHQEeMKcAIA.BteFu4he0iPN-JU7mK0idFUs HTTP/1.1" 200 101
2025-11-15 06:47:30,028:DEBUG:acme.client:Received response:
HTTP 200
Server: nginx
Date: Sat, 15 Nov 2025 06:47:29 GMT
Content-Type: application/json
Content-Length: 101
Connection: keep-alive
Cache-Control: public, max-age=0, no-cache
Link: <https://acme-v02.api.letsencrypt.org/directory>;rel="index"
Retry-After: 21600
X-Frame-Options: DENY
Strict-Transport-Security: max-age=604800

{
  "suggestedWindow": {
    "start": "2026-01-12T20:30:37Z",
    "end": "2026-01-14T15:41:26Z"
  }
}
2025-11-15 06:47:30,031:INFO:certbot.ocsp:Cannot extract OCSP URI from /etc/letsencrypt/archive/chart.idem.africa/cert1.pem
2025-11-15 06:47:30,031:DEBUG:certbot._internal.display.obj:Notifying user: Certificate not yet due for renewal
2025-11-15 06:47:30,032:DEBUG:certbot._internal.plugins.selection:Requested authenticator webroot and installer None
2025-11-15 06:47:30,032:DEBUG:certbot._internal.display.obj:Notifying user: Processing /etc/letsencrypt/renewal/console.idem.africa.conf
2025-11-15 06:47:30,035:DEBUG:certbot._internal.plugins.selection:Requested authenticator None and installer None
2025-11-15 06:47:30,051:DEBUG:acme.client:Sending GET request to https://acme-v02.api.letsencrypt.org/acme/renewal-info/rkie3IcdRKBv2qLlYHQEeMKcAIA.BipXb-_LzBb9fyHA3MdiKz3a.
2025-11-15 06:47:30,246:DEBUG:urllib3.connectionpool:https://acme-v02.api.letsencrypt.org:443 "GET /acme/renewal-info/rkie3IcdRKBv2qLlYHQEeMKcAIA.BipXb-_LzBb9fyHA3MdiKz3a HTTP/1.1" 200 101
2025-11-15 06:47:30,247:DEBUG:acme.client:Received response:
HTTP 200
Server: nginx
Date: Sat, 15 Nov 2025 06:47:30 GMT
Content-Type: application/json
Content-Length: 101
Connection: keep-alive
Cache-Control: public, max-age=0, no-cache
Link: <https://acme-v02.api.letsencrypt.org/directory>;rel="index"
Retry-After: 21600
X-Frame-Options: DENY
Strict-Transport-Security: max-age=604800

{
  "suggestedWindow": {
    "start": "2026-01-05T02:48:16Z",
    "end": "2026-01-06T21:59:06Z"
  }
}
2025-11-15 06:47:30,250:INFO:certbot.ocsp:Cannot extract OCSP URI from /etc/letsencrypt/archive/console.idem.africa/cert1.pem
2025-11-15 06:47:30,250:DEBUG:certbot._internal.display.obj:Notifying user: Certificate not yet due for renewal
2025-11-15 06:47:30,251:DEBUG:certbot._internal.plugins.selection:Requested authenticator webroot and installer None
2025-11-15 06:47:30,251:DEBUG:certbot._internal.display.obj:Notifying user: Processing /etc/letsencrypt/renewal/idem-ai.com.conf
2025-11-15 06:47:30,253:DEBUG:certbot._internal.plugins.selection:Requested authenticator None and installer None
2025-11-15 06:47:30,272:DEBUG:acme.client:Sending GET request to https://acme-v02.api.letsencrypt.org/acme/renewal-info/rkie3IcdRKBv2qLlYHQEeMKcAIA.BaYZ7xLVAskiEfwLpDXShWwN.
2025-11-15 06:47:30,453:DEBUG:urllib3.connectionpool:https://acme-v02.api.letsencrypt.org:443 "GET /acme/renewal-info/rkie3IcdRKBv2qLlYHQEeMKcAIA.BaYZ7xLVAskiEfwLpDXShWwN HTTP/1.1" 200 101
2025-11-15 06:47:30,454:DEBUG:acme.client:Received response:
HTTP 200
Server: nginx
Date: Sat, 15 Nov 2025 06:47:30 GMT
Content-Type: application/json
Content-Length: 101
Connection: keep-alive
Cache-Control: public, max-age=0, no-cache
Link: <https://acme-v02.api.letsencrypt.org/directory>;rel="index"
Retry-After: 21600
X-Frame-Options: DENY
Strict-Transport-Security: max-age=604800

{
  "suggestedWindow": {
    "start": "2025-12-20T02:32:40Z",
    "end": "2025-12-21T21:43:30Z"
  }
}
2025-11-15 06:47:30,458:INFO:certbot.ocsp:Cannot extract OCSP URI from /etc/letsencrypt/archive/idem-ai.com/cert1.pem
2025-11-15 06:47:30,458:DEBUG:certbot._internal.display.obj:Notifying user: Certificate not yet due for renewal
2025-11-15 06:47:30,459:DEBUG:certbot._internal.plugins.selection:Requested authenticator webroot and installer None
2025-11-15 06:47:30,459:DEBUG:certbot._internal.display.obj:Notifying user: Processing /etc/letsencrypt/renewal/idem.africa.conf
2025-11-15 06:47:30,462:DEBUG:certbot._internal.plugins.selection:Requested authenticator None and installer None
2025-11-15 06:47:30,480:DEBUG:acme.client:Sending GET request to https://acme-v02.api.letsencrypt.org/acme/renewal-info/rkie3IcdRKBv2qLlYHQEeMKcAIA.BWiuv6A-GNiHoKkshRHTukCL.
2025-11-15 06:47:30,660:DEBUG:urllib3.connectionpool:https://acme-v02.api.letsencrypt.org:443 "GET /acme/renewal-info/rkie3IcdRKBv2qLlYHQEeMKcAIA.BWiuv6A-GNiHoKkshRHTukCL HTTP/1.1" 200 101
2025-11-15 06:47:30,661:DEBUG:acme.client:Received response:
HTTP 200
Server: nginx
Date: Sat, 15 Nov 2025 06:47:30 GMT
Content-Type: application/json
Content-Length: 101
Connection: keep-alive
Cache-Control: public, max-age=0, no-cache
Link: <https://acme-v02.api.letsencrypt.org/directory>;rel="index"
Retry-After: 21600
X-Frame-Options: DENY
Strict-Transport-Security: max-age=604800

{
  "suggestedWindow": {
    "start": "2025-12-23T19:51:20Z",
    "end": "2025-12-25T15:02:10Z"
  }
}
2025-11-15 06:47:30,664:INFO:certbot.ocsp:Cannot extract OCSP URI from /etc/letsencrypt/archive/idem.africa/cert1.pem
2025-11-15 06:47:30,664:DEBUG:certbot._internal.display.obj:Notifying user: Certificate not yet due for renewal
2025-11-15 06:47:30,664:DEBUG:certbot._internal.plugins.selection:Requested authenticator webroot and installer None
2025-11-15 06:47:30,665:DEBUG:certbot._internal.display.obj:Notifying user: Processing /etc/letsencrypt/renewal/next.idem-ai.com.conf
2025-11-15 06:47:30,666:DEBUG:certbot._internal.plugins.selection:Requested authenticator None and installer None
2025-11-15 06:47:30,675:DEBUG:acme.client:Sending GET request to https://acme-v02.api.letsencrypt.org/acme/renewal-info/jw0TovYuftFQbDMYOF1ZjiNykco.Bj7umIuyIKmqq4_6yY34jvdU.
2025-11-15 06:47:30,856:DEBUG:urllib3.connectionpool:https://acme-v02.api.letsencrypt.org:443 "GET /acme/renewal-info/jw0TovYuftFQbDMYOF1ZjiNykco.Bj7umIuyIKmqq4_6yY34jvdU HTTP/1.1" 200 101
2025-11-15 06:47:30,857:DEBUG:acme.client:Received response:
HTTP 200
Server: nginx
Date: Sat, 15 Nov 2025 06:47:30 GMT
Content-Type: application/json
Content-Length: 101
Connection: keep-alive
Cache-Control: public, max-age=0, no-cache
Link: <https://acme-v02.api.letsencrypt.org/directory>;rel="index"
Retry-After: 21600
X-Frame-Options: DENY
Strict-Transport-Security: max-age=604800

{
  "suggestedWindow": {
    "start": "2025-12-20T02:42:36Z",
    "end": "2025-12-21T21:53:25Z"
  }
}
2025-11-15 06:47:30,860:INFO:certbot.ocsp:Cannot extract OCSP URI from /etc/letsencrypt/archive/next.idem-ai.com/cert1.pem
2025-11-15 06:47:30,860:DEBUG:certbot._internal.display.obj:Notifying user: Certificate not yet due for renewal
2025-11-15 06:47:30,861:DEBUG:certbot._internal.plugins.selection:Requested authenticator webroot and installer None
2025-11-15 06:47:30,861:DEBUG:certbot._internal.display.obj:Notifying user: Processing /etc/letsencrypt/renewal/webgen.idem-ai.com.conf
2025-11-15 06:47:30,864:DEBUG:certbot._internal.plugins.selection:Requested authenticator None and installer None
2025-11-15 06:47:30,874:DEBUG:acme.client:Sending GET request to https://acme-v02.api.letsencrypt.org/acme/renewal-info/rkie3IcdRKBv2qLlYHQEeMKcAIA.Br2LkOxUHVkj8FmHLBxRqA5-.
2025-11-15 06:47:31,057:DEBUG:urllib3.connectionpool:https://acme-v02.api.letsencrypt.org:443 "GET /acme/renewal-info/rkie3IcdRKBv2qLlYHQEeMKcAIA.Br2LkOxUHVkj8FmHLBxRqA5- HTTP/1.1" 200 101
2025-11-15 06:47:31,058:DEBUG:acme.client:Received response:
HTTP 200
Server: nginx
Date: Sat, 15 Nov 2025 06:47:30 GMT
Content-Type: application/json
Content-Length: 101
Connection: keep-alive
Cache-Control: public, max-age=0, no-cache
Link: <https://acme-v02.api.letsencrypt.org/directory>;rel="index"
Retry-After: 21600
X-Frame-Options: DENY
Strict-Transport-Security: max-age=604800

{
  "suggestedWindow": {
    "start": "2025-12-20T02:40:12Z",
    "end": "2025-12-21T21:51:01Z"
  }
}
2025-11-15 06:47:31,060:INFO:certbot.ocsp:Cannot extract OCSP URI from /etc/letsencrypt/archive/webgen.idem-ai.com/cert1.pem
2025-11-15 06:47:31,060:DEBUG:certbot._internal.display.obj:Notifying user: Certificate not yet due for renewal
2025-11-15 06:47:31,060:DEBUG:certbot._internal.plugins.selection:Requested authenticator webroot and installer None
2025-11-15 06:47:31,060:DEBUG:certbot._internal.display.obj:Notifying user: 
- - - - - - - - - - - - - - - - - - - - - - - - - - - - - - - - - - - - - - - -
2025-11-15 06:47:31,060:DEBUG:certbot._internal.display.obj:Notifying user: The following certificates are not due for renewal yet:
2025-11-15 06:47:31,060:DEBUG:certbot._internal.display.obj:Notifying user:   /etc/letsencrypt/live/api.idem-ai.com/fullchain.pem expires on 2026-01-19 (skipped)
  /etc/letsencrypt/live/api.idem.africa/fullchain.pem expires on 2026-02-12 (skipped)
  /etc/letsencrypt/live/appgen.idem-ai.com/fullchain.pem expires on 2026-01-20 (skipped)
  /etc/letsencrypt/live/appgen.idem.africa/fullchain.pem expires on 2026-02-12 (skipped)
  /etc/letsencrypt/live/chart.idem-ai.com/fullchain.pem expires on 2026-01-19 (skipped)
  /etc/letsencrypt/live/chart.idem.africa/fullchain.pem expires on 2026-02-12 (skipped)
  /etc/letsencrypt/live/console.idem.africa/fullchain.pem expires on 2026-02-05 (skipped)
  /etc/letsencrypt/live/idem-ai.com/fullchain.pem expires on 2026-01-19 (skipped)
  /etc/letsencrypt/live/idem.africa/fullchain.pem expires on 2026-01-23 (skipped)
  /etc/letsencrypt/live/next.idem-ai.com/fullchain.pem expires on 2026-01-19 (skipped)
  /etc/letsencrypt/live/webgen.idem-ai.com/fullchain.pem expires on 2026-01-19 (skipped)
2025-11-15 06:47:31,061:DEBUG:certbot._internal.display.obj:Notifying user: No renewals were attempted.
2025-11-15 06:47:31,061:DEBUG:certbot._internal.display.obj:Notifying user: - - - - - - - - - - - - - - - - - - - - - - - - - - - - - - - - - - - - - - - -
2025-11-15 06:47:31,061:DEBUG:certbot._internal.renewal:no renewal failures
